<?xml version="1.0" encoding="UTF-8"?>
<!-- Generated by org.testng.reporters.JUnitReportReporter -->
<testsuite hostname="DESKTOP-2082021E5450" failures="0" tests="1" name="test.runMe.LoginProcess_Invalid" time="4.516" errors="0" timestamp="2023-08-08T15:57:40 IST" skipped="0">
  <testcase classname="test.runMe.LoginProcess_Invalid" name="verifyInvalidErrorMessage" time="4.516"/>
</testsuite> <!-- test.runMe.LoginProcess_Invalid -->
