<?xml version="1.0" encoding="UTF-8"?>
<!-- Generated by org.testng.reporters.JUnitReportReporter -->
<testsuite hostname="DESKTOP-H3KRKR6" failures="0" tests="1" name="test.AppTest" time="0.016" errors="0" timestamp="2023-08-03T16:38:10 IST" skipped="0">
  <testcase classname="test.AppTest" name="shouldAnswerWithTrue" time="0.016"/>
</testsuite> <!-- test.AppTest -->
