<?xml version="1.0" encoding="UTF-8"?>
<!-- Generated by org.testng.reporters.JUnitReportReporter -->
<testsuite hostname="DESKTOP-H3KRKR6" failures="0" tests="1" name="test.runMe.RunMe1" time="2.958" errors="0" timestamp="2023-08-05T12:39:26 IST" skipped="0">
  <testcase classname="test.runMe.RunMe1" name="checkLogin" time="2.958"/>
</testsuite> <!-- test.runMe.RunMe1 -->
