<?xml version="1.0" encoding="UTF-8"?>
<!-- Generated by org.testng.reporters.JUnitReportReporter -->
<testsuite hostname="DESKTOP-H3KRKR6" failures="0" tests="1" name="test.runMe.InvalidLoginProcess" time="4.145" errors="0" timestamp="2023-08-05T12:53:44 IST" skipped="0">
  <testcase classname="test.runMe.InvalidLoginProcess" name="verifyInvalidErrorMessage" time="4.145"/>
</testsuite> <!-- test.runMe.InvalidLoginProcess -->
